2021-11-17 19:21:16.122 INFO  com.nosql.work.WorkApplication                    :55   [32m                  [0;39m Starting WorkApplication using Java 1.8.0_131 on DESKTOP-N51J6G9 with PID 20976 (G:\Java_revise\work\target\classes started by DELL in G:\Java_revise\work)
2021-11-17 19:21:16.125 INFO  com.nosql.work.WorkApplication                    :659  [32m                  [0;39m No active profile set, falling back to default profiles: default
2021-11-17 19:21:16.945 INFO  o.s.boot.web.embedded.tomcat.TomcatWebServer      :108  [32m                  [0;39m Tomcat initialized with port(s): 8080 (http)
2021-11-17 19:21:16.953 INFO  org.apache.coyote.http11.Http11NioProtocol        :173  [32m                  [0;39m Initializing ProtocolHandler ["http-nio-8080"]
2021-11-17 19:21:16.953 INFO  org.apache.catalina.core.StandardService          :173  [32m                  [0;39m Starting service [Tomcat]
2021-11-17 19:21:16.954 INFO  org.apache.catalina.core.StandardEngine           :173  [32m                  [0;39m Starting Servlet engine: [Apache Tomcat/9.0.54]
2021-11-17 19:21:17.020 INFO  o.a.c.core.ContainerBase.[Tomcat].[localhost].[/] :173  [32m                  [0;39m Initializing Spring embedded WebApplicationContext
2021-11-17 19:21:17.020 INFO  o.s.b.w.s.c.ServletWebServerApplicationContext    :290  [32m                  [0;39m Root WebApplicationContext: initialization completed in 852 ms
2021-11-17 19:21:17.307 INFO  org.apache.coyote.http11.Http11NioProtocol        :173  [32m                  [0;39m Starting ProtocolHandler ["http-nio-8080"]
2021-11-17 19:21:17.319 INFO  o.s.boot.web.embedded.tomcat.TomcatWebServer      :220  [32m                  [0;39m Tomcat started on port(s): 8080 (http) with context path ''
2021-11-17 19:21:17.327 INFO  com.nosql.work.WorkApplication                    :61   [32m                  [0;39m Started WorkApplication in 1.834 seconds (JVM running for 3.386)
2021-11-17 19:21:17.329 INFO  com.nosql.work.WorkApplication                    :17   [32m                  [0;39m 启动成功！！
2021-11-17 19:21:17.329 INFO  com.nosql.work.WorkApplication                    :18   [32m                  [0;39m 地址: 	http://127.0.0.1:null
2021-11-17 19:21:51.743 INFO  com.nosql.work.WorkApplication                    :55   [32m                  [0;39m Starting WorkApplication using Java 1.8.0_131 on DESKTOP-N51J6G9 with PID 15248 (G:\Java_revise\work\target\classes started by DELL in G:\Java_revise\work)
2021-11-17 19:21:51.746 INFO  com.nosql.work.WorkApplication                    :659  [32m                  [0;39m No active profile set, falling back to default profiles: default
2021-11-17 19:21:52.399 INFO  o.s.boot.web.embedded.tomcat.TomcatWebServer      :108  [32m                  [0;39m Tomcat initialized with port(s): 8080 (http)
2021-11-17 19:21:52.406 INFO  org.apache.coyote.http11.Http11NioProtocol        :173  [32m                  [0;39m Initializing ProtocolHandler ["http-nio-8080"]
2021-11-17 19:21:52.407 INFO  org.apache.catalina.core.StandardService          :173  [32m                  [0;39m Starting service [Tomcat]
2021-11-17 19:21:52.407 INFO  org.apache.catalina.core.StandardEngine           :173  [32m                  [0;39m Starting Servlet engine: [Apache Tomcat/9.0.54]
2021-11-17 19:21:52.476 INFO  o.a.c.core.ContainerBase.[Tomcat].[localhost].[/] :173  [32m                  [0;39m Initializing Spring embedded WebApplicationContext
2021-11-17 19:21:52.477 INFO  o.s.b.w.s.c.ServletWebServerApplicationContext    :290  [32m                  [0;39m Root WebApplicationContext: initialization completed in 691 ms
2021-11-17 19:21:52.691 INFO  org.apache.coyote.http11.Http11NioProtocol        :173  [32m                  [0;39m Starting ProtocolHandler ["http-nio-8080"]
2021-11-17 19:21:52.702 INFO  o.s.boot.web.embedded.tomcat.TomcatWebServer      :220  [32m                  [0;39m Tomcat started on port(s): 8080 (http) with context path ''
2021-11-17 19:21:52.708 INFO  com.nosql.work.WorkApplication                    :61   [32m                  [0;39m Started WorkApplication in 1.34 seconds (JVM running for 2.201)
2021-11-17 19:31:06.426 INFO  com.nosql.work.WorkApplication                    :55   [32m                  [0;39m Starting WorkApplication using Java 1.8.0_131 on DESKTOP-N51J6G9 with PID 3728 (G:\Java_revise\work\target\classes started by DELL in G:\Java_revise\work)
2021-11-17 19:31:06.428 INFO  com.nosql.work.WorkApplication                    :659  [32m                  [0;39m No active profile set, falling back to default profiles: default
2021-11-17 19:31:06.469 INFO  o.s.b.d.env.DevToolsPropertyDefaultsPostProcessor :255  [32m                  [0;39m Devtools property defaults active! Set 'spring.devtools.add-properties' to 'false' to disable
2021-11-17 19:31:06.469 INFO  o.s.b.d.env.DevToolsPropertyDefaultsPostProcessor :255  [32m                  [0;39m For additional web related logging consider setting the 'logging.level.web' property to 'DEBUG'
2021-11-17 19:31:07.170 INFO  o.s.boot.web.embedded.tomcat.TomcatWebServer      :108  [32m                  [0;39m Tomcat initialized with port(s): 8080 (http)
2021-11-17 19:31:07.177 INFO  org.apache.coyote.http11.Http11NioProtocol        :173  [32m                  [0;39m Initializing ProtocolHandler ["http-nio-8080"]
2021-11-17 19:31:07.177 INFO  org.apache.catalina.core.StandardService          :173  [32m                  [0;39m Starting service [Tomcat]
2021-11-17 19:31:07.177 INFO  org.apache.catalina.core.StandardEngine           :173  [32m                  [0;39m Starting Servlet engine: [Apache Tomcat/9.0.54]
2021-11-17 19:31:07.230 INFO  o.a.c.core.ContainerBase.[Tomcat].[localhost].[/] :173  [32m                  [0;39m Initializing Spring embedded WebApplicationContext
2021-11-17 19:31:07.230 INFO  o.s.b.w.s.c.ServletWebServerApplicationContext    :290  [32m                  [0;39m Root WebApplicationContext: initialization completed in 760 ms
2021-11-17 19:31:07.443 INFO  o.s.b.d.autoconfigure.OptionalLiveReloadServer    :58   [32m                  [0;39m LiveReload server is running on port 35729
2021-11-17 19:31:07.452 INFO  org.apache.coyote.http11.Http11NioProtocol        :173  [32m                  [0;39m Starting ProtocolHandler ["http-nio-8080"]
2021-11-17 19:31:07.471 INFO  o.s.boot.web.embedded.tomcat.TomcatWebServer      :220  [32m                  [0;39m Tomcat started on port(s): 8080 (http) with context path ''
2021-11-17 19:31:07.480 INFO  com.nosql.work.WorkApplication                    :61   [32m                  [0;39m Started WorkApplication in 1.481 seconds (JVM running for 2.419)
2021-11-17 19:33:56.510 INFO  com.nosql.work.WorkApplication                    :55   [32m                  [0;39m Starting WorkApplication using Java 1.8.0_131 on DESKTOP-N51J6G9 with PID 15476 (G:\Java_revise\work\target\classes started by DELL in G:\Java_revise\work)
2021-11-17 19:33:56.511 INFO  com.nosql.work.WorkApplication                    :659  [32m                  [0;39m No active profile set, falling back to default profiles: default
2021-11-17 19:33:56.550 INFO  o.s.b.d.env.DevToolsPropertyDefaultsPostProcessor :255  [32m                  [0;39m Devtools property defaults active! Set 'spring.devtools.add-properties' to 'false' to disable
2021-11-17 19:33:56.550 INFO  o.s.b.d.env.DevToolsPropertyDefaultsPostProcessor :255  [32m                  [0;39m For additional web related logging consider setting the 'logging.level.web' property to 'DEBUG'
2021-11-17 19:33:57.236 INFO  o.s.boot.web.embedded.tomcat.TomcatWebServer      :108  [32m                  [0;39m Tomcat initialized with port(s): 80 (http)
2021-11-17 19:33:57.242 INFO  org.apache.coyote.http11.Http11NioProtocol        :173  [32m                  [0;39m Initializing ProtocolHandler ["http-nio-80"]
2021-11-17 19:33:57.243 INFO  org.apache.catalina.core.StandardService          :173  [32m                  [0;39m Starting service [Tomcat]
2021-11-17 19:33:57.243 INFO  org.apache.catalina.core.StandardEngine           :173  [32m                  [0;39m Starting Servlet engine: [Apache Tomcat/9.0.54]
2021-11-17 19:33:57.293 INFO  o.a.c.core.ContainerBase.[Tomcat].[localhost].[/] :173  [32m                  [0;39m Initializing Spring embedded WebApplicationContext
2021-11-17 19:33:57.293 INFO  o.s.b.w.s.c.ServletWebServerApplicationContext    :290  [32m                  [0;39m Root WebApplicationContext: initialization completed in 742 ms
2021-11-17 19:33:57.501 INFO  o.s.b.d.autoconfigure.OptionalLiveReloadServer    :58   [32m                  [0;39m LiveReload server is running on port 35729
2021-11-17 19:33:57.510 INFO  org.apache.coyote.http11.Http11NioProtocol        :173  [32m                  [0;39m Starting ProtocolHandler ["http-nio-80"]
2021-11-17 19:33:57.530 INFO  o.s.boot.web.embedded.tomcat.TomcatWebServer      :220  [32m                  [0;39m Tomcat started on port(s): 80 (http) with context path ''
2021-11-17 19:33:57.538 INFO  com.nosql.work.WorkApplication                    :61   [32m                  [0;39m Started WorkApplication in 1.446 seconds (JVM running for 2.36)
2021-11-17 19:34:08.189 INFO  o.a.c.core.ContainerBase.[Tomcat].[localhost].[/] :173  [32m                  [0;39m Initializing Spring DispatcherServlet 'dispatcherServlet'
2021-11-17 19:34:08.189 INFO  org.springframework.web.servlet.DispatcherServlet :525  [32m                  [0;39m Initializing Servlet 'dispatcherServlet'
2021-11-17 19:34:08.191 INFO  org.springframework.web.servlet.DispatcherServlet :547  [32m                  [0;39m Completed initialization in 2 ms
2021-11-17 19:34:58.508 ERROR o.s.b.diagnostics.LoggingFailureAnalysisReporter  :40   [32m                  [0;39m 

***************************
APPLICATION FAILED TO START
***************************

Description:

Failed to bind properties under 'logging.level.com.futureport.wiki.mapper' to org.springframework.boot.logging.LogLevel:

    Property: logging.level.com.futureport.wiki.mapper
    Value: trace0
    Origin: class path resource [application.properties] - 4:42
    Reason: failed to convert java.lang.String to org.springframework.boot.logging.LogLevel (caused by java.lang.IllegalArgumentException: No enum constant org.springframework.boot.logging.LogLevel.trace0)

Action:

Update your application's configuration. The following values are valid:

    DEBUG
    ERROR
    FATAL
    INFO
    OFF
    TRACE
    WARN

2021-11-17 19:35:21.771 ERROR o.s.b.diagnostics.LoggingFailureAnalysisReporter  :40   [32m                  [0;39m 

***************************
APPLICATION FAILED TO START
***************************

Description:

Failed to bind properties under 'logging.level.com.futureport.wiki.mapper' to org.springframework.boot.logging.LogLevel:

    Property: logging.level.com.futureport.wiki.mapper
    Value: trace0
    Origin: class path resource [application.properties] - 4:42
    Reason: failed to convert java.lang.String to org.springframework.boot.logging.LogLevel (caused by java.lang.IllegalArgumentException: No enum constant org.springframework.boot.logging.LogLevel.trace0)

Action:

Update your application's configuration. The following values are valid:

    DEBUG
    ERROR
    FATAL
    INFO
    OFF
    TRACE
    WARN

2021-11-17 19:35:50.066 INFO  com.nosql.work.WorkApplication                    :55   [32m                  [0;39m Starting WorkApplication using Java 1.8.0_131 on DESKTOP-N51J6G9 with PID 22648 (G:\Java_revise\work\target\classes started by DELL in G:\Java_revise\work)
2021-11-17 19:35:50.068 INFO  com.nosql.work.WorkApplication                    :659  [32m                  [0;39m No active profile set, falling back to default profiles: default
2021-11-17 19:35:50.108 INFO  o.s.b.d.env.DevToolsPropertyDefaultsPostProcessor :255  [32m                  [0;39m Devtools property defaults active! Set 'spring.devtools.add-properties' to 'false' to disable
2021-11-17 19:35:50.108 INFO  o.s.b.d.env.DevToolsPropertyDefaultsPostProcessor :255  [32m                  [0;39m For additional web related logging consider setting the 'logging.level.web' property to 'DEBUG'
2021-11-17 19:35:50.829 INFO  o.s.boot.web.embedded.tomcat.TomcatWebServer      :108  [32m                  [0;39m Tomcat initialized with port(s): 80 (http)
2021-11-17 19:35:50.837 INFO  org.apache.coyote.http11.Http11NioProtocol        :173  [32m                  [0;39m Initializing ProtocolHandler ["http-nio-80"]
2021-11-17 19:35:50.838 INFO  org.apache.catalina.core.StandardService          :173  [32m                  [0;39m Starting service [Tomcat]
2021-11-17 19:35:50.838 INFO  org.apache.catalina.core.StandardEngine           :173  [32m                  [0;39m Starting Servlet engine: [Apache Tomcat/9.0.54]
2021-11-17 19:35:50.902 INFO  o.a.c.core.ContainerBase.[Tomcat].[localhost].[/] :173  [32m                  [0;39m Initializing Spring embedded WebApplicationContext
2021-11-17 19:35:50.902 INFO  o.s.b.w.s.c.ServletWebServerApplicationContext    :290  [32m                  [0;39m Root WebApplicationContext: initialization completed in 794 ms
2021-11-17 19:35:51.113 INFO  o.s.b.d.autoconfigure.OptionalLiveReloadServer    :58   [32m                  [0;39m LiveReload server is running on port 35729
2021-11-17 19:35:51.124 INFO  org.apache.coyote.http11.Http11NioProtocol        :173  [32m                  [0;39m Starting ProtocolHandler ["http-nio-80"]
2021-11-17 19:35:51.144 INFO  o.s.boot.web.embedded.tomcat.TomcatWebServer      :220  [32m                  [0;39m Tomcat started on port(s): 80 (http) with context path ''
2021-11-17 19:35:51.152 INFO  com.nosql.work.WorkApplication                    :61   [32m                  [0;39m Started WorkApplication in 1.544 seconds (JVM running for 2.534)
2021-11-17 19:36:00.919 INFO  o.a.c.core.ContainerBase.[Tomcat].[localhost].[/] :173  [32m                  [0;39m Initializing Spring DispatcherServlet 'dispatcherServlet'
2021-11-17 19:36:00.919 INFO  org.springframework.web.servlet.DispatcherServlet :525  [32m                  [0;39m Initializing Servlet 'dispatcherServlet'
2021-11-17 19:36:00.920 INFO  org.springframework.web.servlet.DispatcherServlet :547  [32m                  [0;39m Completed initialization in 1 ms
2021-11-17 19:39:17.519 INFO  com.nosql.work.WorkApplication                    :55   [32m                  [0;39m Starting WorkApplication using Java 1.8.0_131 on DESKTOP-N51J6G9 with PID 11168 (G:\Java_revise\work\target\classes started by DELL in G:\Java_revise\work)
2021-11-17 19:39:17.520 INFO  com.nosql.work.WorkApplication                    :659  [32m                  [0;39m No active profile set, falling back to default profiles: default
2021-11-17 19:39:17.558 INFO  o.s.b.d.env.DevToolsPropertyDefaultsPostProcessor :255  [32m                  [0;39m Devtools property defaults active! Set 'spring.devtools.add-properties' to 'false' to disable
2021-11-17 19:39:17.559 INFO  o.s.b.d.env.DevToolsPropertyDefaultsPostProcessor :255  [32m                  [0;39m For additional web related logging consider setting the 'logging.level.web' property to 'DEBUG'
2021-11-17 19:39:18.352 INFO  o.s.boot.web.embedded.tomcat.TomcatWebServer      :108  [32m                  [0;39m Tomcat initialized with port(s): 80 (http)
2021-11-17 19:39:18.358 INFO  org.apache.coyote.http11.Http11NioProtocol        :173  [32m                  [0;39m Initializing ProtocolHandler ["http-nio-80"]
2021-11-17 19:39:18.359 INFO  org.apache.catalina.core.StandardService          :173  [32m                  [0;39m Starting service [Tomcat]
2021-11-17 19:39:18.359 INFO  org.apache.catalina.core.StandardEngine           :173  [32m                  [0;39m Starting Servlet engine: [Apache Tomcat/9.0.54]
2021-11-17 19:39:18.414 INFO  o.a.c.core.ContainerBase.[Tomcat].[localhost].[/] :173  [32m                  [0;39m Initializing Spring embedded WebApplicationContext
2021-11-17 19:39:18.415 INFO  o.s.b.w.s.c.ServletWebServerApplicationContext    :290  [32m                  [0;39m Root WebApplicationContext: initialization completed in 855 ms
2021-11-17 19:39:18.635 INFO  o.s.b.d.autoconfigure.OptionalLiveReloadServer    :58   [32m                  [0;39m LiveReload server is running on port 35729
2021-11-17 19:39:18.646 INFO  org.apache.coyote.http11.Http11NioProtocol        :173  [32m                  [0;39m Starting ProtocolHandler ["http-nio-80"]
2021-11-17 19:39:18.663 INFO  o.s.boot.web.embedded.tomcat.TomcatWebServer      :220  [32m                  [0;39m Tomcat started on port(s): 80 (http) with context path ''
2021-11-17 19:39:18.670 INFO  com.nosql.work.WorkApplication                    :61   [32m                  [0;39m Started WorkApplication in 1.607 seconds (JVM running for 2.53)
2021-11-17 19:39:26.972 INFO  o.a.c.core.ContainerBase.[Tomcat].[localhost].[/] :173  [32m                  [0;39m Initializing Spring DispatcherServlet 'dispatcherServlet'
2021-11-17 19:39:26.972 INFO  org.springframework.web.servlet.DispatcherServlet :525  [32m                  [0;39m Initializing Servlet 'dispatcherServlet'
2021-11-17 19:39:26.974 INFO  org.springframework.web.servlet.DispatcherServlet :547  [32m                  [0;39m Completed initialization in 2 ms
2021-11-17 19:39:44.100 INFO  com.nosql.work.WorkApplication                    :55   [32m                  [0;39m Starting WorkApplication using Java 1.8.0_131 on DESKTOP-N51J6G9 with PID 3088 (G:\Java_revise\work\target\classes started by DELL in G:\Java_revise\work)
2021-11-17 19:39:44.102 INFO  com.nosql.work.WorkApplication                    :659  [32m                  [0;39m No active profile set, falling back to default profiles: default
2021-11-17 19:39:44.147 INFO  o.s.b.d.env.DevToolsPropertyDefaultsPostProcessor :255  [32m                  [0;39m Devtools property defaults active! Set 'spring.devtools.add-properties' to 'false' to disable
2021-11-17 19:39:44.147 INFO  o.s.b.d.env.DevToolsPropertyDefaultsPostProcessor :255  [32m                  [0;39m For additional web related logging consider setting the 'logging.level.web' property to 'DEBUG'
2021-11-17 19:39:44.867 INFO  o.s.boot.web.embedded.tomcat.TomcatWebServer      :108  [32m                  [0;39m Tomcat initialized with port(s): 80 (http)
2021-11-17 19:39:44.873 INFO  org.apache.coyote.http11.Http11NioProtocol        :173  [32m                  [0;39m Initializing ProtocolHandler ["http-nio-80"]
2021-11-17 19:39:44.874 INFO  org.apache.catalina.core.StandardService          :173  [32m                  [0;39m Starting service [Tomcat]
2021-11-17 19:39:44.874 INFO  org.apache.catalina.core.StandardEngine           :173  [32m                  [0;39m Starting Servlet engine: [Apache Tomcat/9.0.54]
2021-11-17 19:39:44.924 INFO  o.a.c.core.ContainerBase.[Tomcat].[localhost].[/] :173  [32m                  [0;39m Initializing Spring embedded WebApplicationContext
2021-11-17 19:39:44.924 INFO  o.s.b.w.s.c.ServletWebServerApplicationContext    :290  [32m                  [0;39m Root WebApplicationContext: initialization completed in 776 ms
2021-11-17 19:39:45.143 INFO  o.s.b.d.autoconfigure.OptionalLiveReloadServer    :58   [32m                  [0;39m LiveReload server is running on port 35729
2021-11-17 19:39:45.151 INFO  org.apache.coyote.http11.Http11NioProtocol        :173  [32m                  [0;39m Starting ProtocolHandler ["http-nio-80"]
2021-11-17 19:39:45.172 INFO  o.s.boot.web.embedded.tomcat.TomcatWebServer      :220  [32m                  [0;39m Tomcat started on port(s): 80 (http) with context path ''
2021-11-17 19:39:45.180 INFO  com.nosql.work.WorkApplication                    :61   [32m                  [0;39m Started WorkApplication in 1.586 seconds (JVM running for 2.731)
2021-11-17 19:39:47.479 INFO  o.a.c.core.ContainerBase.[Tomcat].[localhost].[/] :173  [32m                  [0;39m Initializing Spring DispatcherServlet 'dispatcherServlet'
2021-11-17 19:39:47.480 INFO  org.springframework.web.servlet.DispatcherServlet :525  [32m                  [0;39m Initializing Servlet 'dispatcherServlet'
2021-11-17 19:39:47.480 INFO  org.springframework.web.servlet.DispatcherServlet :547  [32m                  [0;39m Completed initialization in 0 ms
2021-11-17 19:40:26.384 INFO  com.nosql.work.WorkApplication                    :55   [32m                  [0;39m Starting WorkApplication using Java 1.8.0_131 on DESKTOP-N51J6G9 with PID 18080 (G:\Java_revise\work\target\classes started by DELL in G:\Java_revise\work)
2021-11-17 19:40:26.386 INFO  com.nosql.work.WorkApplication                    :659  [32m                  [0;39m No active profile set, falling back to default profiles: default
2021-11-17 19:40:26.427 INFO  o.s.b.d.env.DevToolsPropertyDefaultsPostProcessor :255  [32m                  [0;39m Devtools property defaults active! Set 'spring.devtools.add-properties' to 'false' to disable
2021-11-17 19:40:26.428 INFO  o.s.b.d.env.DevToolsPropertyDefaultsPostProcessor :255  [32m                  [0;39m For additional web related logging consider setting the 'logging.level.web' property to 'DEBUG'
2021-11-17 19:40:27.164 INFO  o.s.boot.web.embedded.tomcat.TomcatWebServer      :108  [32m                  [0;39m Tomcat initialized with port(s): 80 (http)
2021-11-17 19:40:27.173 INFO  org.apache.coyote.http11.Http11NioProtocol        :173  [32m                  [0;39m Initializing ProtocolHandler ["http-nio-80"]
2021-11-17 19:40:27.173 INFO  org.apache.catalina.core.StandardService          :173  [32m                  [0;39m Starting service [Tomcat]
2021-11-17 19:40:27.173 INFO  org.apache.catalina.core.StandardEngine           :173  [32m                  [0;39m Starting Servlet engine: [Apache Tomcat/9.0.54]
2021-11-17 19:40:27.237 INFO  o.a.c.core.ContainerBase.[Tomcat].[localhost].[/] :173  [32m                  [0;39m Initializing Spring embedded WebApplicationContext
2021-11-17 19:40:27.238 INFO  o.s.b.w.s.c.ServletWebServerApplicationContext    :290  [32m                  [0;39m Root WebApplicationContext: initialization completed in 810 ms
2021-11-17 19:40:27.475 INFO  o.s.b.d.autoconfigure.OptionalLiveReloadServer    :58   [32m                  [0;39m LiveReload server is running on port 35729
2021-11-17 19:40:27.486 INFO  org.apache.coyote.http11.Http11NioProtocol        :173  [32m                  [0;39m Starting ProtocolHandler ["http-nio-80"]
2021-11-17 19:40:27.498 INFO  o.s.boot.web.embedded.tomcat.TomcatWebServer      :220  [32m                  [0;39m Tomcat started on port(s): 80 (http) with context path ''
2021-11-17 19:40:27.506 INFO  com.nosql.work.WorkApplication                    :61   [32m                  [0;39m Started WorkApplication in 1.506 seconds (JVM running for 2.359)
2021-11-17 19:40:33.979 INFO  o.a.c.core.ContainerBase.[Tomcat].[localhost].[/] :173  [32m                  [0;39m Initializing Spring DispatcherServlet 'dispatcherServlet'
2021-11-17 19:40:33.979 INFO  org.springframework.web.servlet.DispatcherServlet :525  [32m                  [0;39m Initializing Servlet 'dispatcherServlet'
2021-11-17 19:40:33.980 INFO  org.springframework.web.servlet.DispatcherServlet :547  [32m                  [0;39m Completed initialization in 1 ms
2021-11-17 19:51:46.760 INFO  com.nosql.work.WorkApplication                    :55   [32m                  [0;39m Starting WorkApplication using Java 1.8.0_131 on DESKTOP-N51J6G9 with PID 22932 (G:\Java_revise\work\target\classes started by DELL in G:\Java_revise\work)
2021-11-17 19:51:46.761 INFO  com.nosql.work.WorkApplication                    :659  [32m                  [0;39m No active profile set, falling back to default profiles: default
2021-11-17 19:51:46.802 INFO  o.s.b.d.env.DevToolsPropertyDefaultsPostProcessor :255  [32m                  [0;39m Devtools property defaults active! Set 'spring.devtools.add-properties' to 'false' to disable
2021-11-17 19:51:46.802 INFO  o.s.b.d.env.DevToolsPropertyDefaultsPostProcessor :255  [32m                  [0;39m For additional web related logging consider setting the 'logging.level.web' property to 'DEBUG'
2021-11-17 19:51:47.557 INFO  o.s.boot.web.embedded.tomcat.TomcatWebServer      :108  [32m                  [0;39m Tomcat initialized with port(s): 80 (http)
2021-11-17 19:51:47.563 INFO  org.apache.coyote.http11.Http11NioProtocol        :173  [32m                  [0;39m Initializing ProtocolHandler ["http-nio-80"]
2021-11-17 19:51:47.564 INFO  org.apache.catalina.core.StandardService          :173  [32m                  [0;39m Starting service [Tomcat]
2021-11-17 19:51:47.564 INFO  org.apache.catalina.core.StandardEngine           :173  [32m                  [0;39m Starting Servlet engine: [Apache Tomcat/9.0.54]
2021-11-17 19:51:47.622 INFO  o.a.c.core.ContainerBase.[Tomcat].[localhost].[/] :173  [32m                  [0;39m Initializing Spring embedded WebApplicationContext
2021-11-17 19:51:47.622 INFO  o.s.b.w.s.c.ServletWebServerApplicationContext    :290  [32m                  [0;39m Root WebApplicationContext: initialization completed in 819 ms
2021-11-17 19:51:47.843 INFO  o.s.b.d.autoconfigure.OptionalLiveReloadServer    :58   [32m                  [0;39m LiveReload server is running on port 35729
2021-11-17 19:51:47.852 INFO  org.apache.coyote.http11.Http11NioProtocol        :173  [32m                  [0;39m Starting ProtocolHandler ["http-nio-80"]
2021-11-17 19:51:47.863 INFO  o.s.boot.web.embedded.tomcat.TomcatWebServer      :220  [32m                  [0;39m Tomcat started on port(s): 80 (http) with context path ''
2021-11-17 19:51:47.872 INFO  com.nosql.work.WorkApplication                    :61   [32m                  [0;39m Started WorkApplication in 1.491 seconds (JVM running for 2.486)
2021-11-17 19:51:58.543 INFO  o.a.c.core.ContainerBase.[Tomcat].[localhost].[/] :173  [32m                  [0;39m Initializing Spring DispatcherServlet 'dispatcherServlet'
2021-11-17 19:51:58.543 INFO  org.springframework.web.servlet.DispatcherServlet :525  [32m                  [0;39m Initializing Servlet 'dispatcherServlet'
2021-11-17 19:51:58.544 INFO  org.springframework.web.servlet.DispatcherServlet :547  [32m                  [0;39m Completed initialization in 0 ms
2021-11-17 19:52:44.232 INFO  com.nosql.work.WorkApplication                    :55   [32m                  [0;39m Starting WorkApplication using Java 1.8.0_131 on DESKTOP-N51J6G9 with PID 23980 (G:\Java_revise\work\target\classes started by DELL in G:\Java_revise\work)
2021-11-17 19:52:44.233 INFO  com.nosql.work.WorkApplication                    :659  [32m                  [0;39m No active profile set, falling back to default profiles: default
2021-11-17 19:52:44.277 INFO  o.s.b.d.env.DevToolsPropertyDefaultsPostProcessor :255  [32m                  [0;39m Devtools property defaults active! Set 'spring.devtools.add-properties' to 'false' to disable
2021-11-17 19:52:44.278 INFO  o.s.b.d.env.DevToolsPropertyDefaultsPostProcessor :255  [32m                  [0;39m For additional web related logging consider setting the 'logging.level.web' property to 'DEBUG'
2021-11-17 19:52:45.051 INFO  o.s.boot.web.embedded.tomcat.TomcatWebServer      :108  [32m                  [0;39m Tomcat initialized with port(s): 80 (http)
2021-11-17 19:52:45.066 INFO  org.apache.coyote.http11.Http11NioProtocol        :173  [32m                  [0;39m Initializing ProtocolHandler ["http-nio-80"]
2021-11-17 19:52:45.067 INFO  org.apache.catalina.core.StandardService          :173  [32m                  [0;39m Starting service [Tomcat]
2021-11-17 19:52:45.067 INFO  org.apache.catalina.core.StandardEngine           :173  [32m                  [0;39m Starting Servlet engine: [Apache Tomcat/9.0.54]
2021-11-17 19:52:45.139 INFO  o.a.c.core.ContainerBase.[Tomcat].[localhost].[/] :173  [32m                  [0;39m Initializing Spring embedded WebApplicationContext
2021-11-17 19:52:45.140 INFO  o.s.b.w.s.c.ServletWebServerApplicationContext    :290  [32m                  [0;39m Root WebApplicationContext: initialization completed in 861 ms
2021-11-17 19:52:45.457 INFO  o.s.b.d.autoconfigure.OptionalLiveReloadServer    :58   [32m                  [0;39m LiveReload server is running on port 35729
2021-11-17 19:52:45.468 INFO  org.apache.coyote.http11.Http11NioProtocol        :173  [32m                  [0;39m Starting ProtocolHandler ["http-nio-80"]
2021-11-17 19:52:45.488 INFO  o.s.boot.web.embedded.tomcat.TomcatWebServer      :220  [32m                  [0;39m Tomcat started on port(s): 80 (http) with context path ''
2021-11-17 19:52:45.496 INFO  com.nosql.work.WorkApplication                    :61   [32m                  [0;39m Started WorkApplication in 1.734 seconds (JVM running for 2.656)
2021-11-17 19:52:49.626 INFO  o.a.c.core.ContainerBase.[Tomcat].[localhost].[/] :173  [32m                  [0;39m Initializing Spring DispatcherServlet 'dispatcherServlet'
2021-11-17 19:52:49.627 INFO  org.springframework.web.servlet.DispatcherServlet :525  [32m                  [0;39m Initializing Servlet 'dispatcherServlet'
2021-11-17 19:52:49.628 INFO  org.springframework.web.servlet.DispatcherServlet :547  [32m                  [0;39m Completed initialization in 1 ms
2021-11-17 19:53:20.186 INFO  com.nosql.work.WorkApplication                    :55   [32m                  [0;39m Starting WorkApplication using Java 1.8.0_131 on DESKTOP-N51J6G9 with PID 9552 (G:\Java_revise\work\target\classes started by DELL in G:\Java_revise\work)
2021-11-17 19:53:20.188 INFO  com.nosql.work.WorkApplication                    :659  [32m                  [0;39m No active profile set, falling back to default profiles: default
2021-11-17 19:53:20.242 INFO  o.s.b.d.env.DevToolsPropertyDefaultsPostProcessor :255  [32m                  [0;39m Devtools property defaults active! Set 'spring.devtools.add-properties' to 'false' to disable
2021-11-17 19:53:20.242 INFO  o.s.b.d.env.DevToolsPropertyDefaultsPostProcessor :255  [32m                  [0;39m For additional web related logging consider setting the 'logging.level.web' property to 'DEBUG'
2021-11-17 19:53:21.386 INFO  o.s.boot.web.embedded.tomcat.TomcatWebServer      :108  [32m                  [0;39m Tomcat initialized with port(s): 80 (http)
2021-11-17 19:53:21.393 INFO  org.apache.coyote.http11.Http11NioProtocol        :173  [32m                  [0;39m Initializing ProtocolHandler ["http-nio-80"]
2021-11-17 19:53:21.394 INFO  org.apache.catalina.core.StandardService          :173  [32m                  [0;39m Starting service [Tomcat]
2021-11-17 19:53:21.394 INFO  org.apache.catalina.core.StandardEngine           :173  [32m                  [0;39m Starting Servlet engine: [Apache Tomcat/9.0.54]
2021-11-17 19:53:21.449 INFO  o.a.c.core.ContainerBase.[Tomcat].[localhost].[/] :173  [32m                  [0;39m Initializing Spring embedded WebApplicationContext
2021-11-17 19:53:21.449 INFO  o.s.b.w.s.c.ServletWebServerApplicationContext    :290  [32m                  [0;39m Root WebApplicationContext: initialization completed in 1206 ms
2021-11-17 19:53:21.690 INFO  o.s.b.d.autoconfigure.OptionalLiveReloadServer    :58   [32m                  [0;39m LiveReload server is running on port 35729
2021-11-17 19:53:21.702 INFO  org.apache.coyote.http11.Http11NioProtocol        :173  [32m                  [0;39m Starting ProtocolHandler ["http-nio-80"]
2021-11-17 19:53:21.724 INFO  o.s.boot.web.embedded.tomcat.TomcatWebServer      :220  [32m                  [0;39m Tomcat started on port(s): 80 (http) with context path ''
2021-11-17 19:53:21.735 INFO  com.nosql.work.WorkApplication                    :61   [32m                  [0;39m Started WorkApplication in 2.036 seconds (JVM running for 2.993)
2021-11-17 19:55:12.927 INFO  com.nosql.work.WorkApplication                    :55   [32m                  [0;39m Starting WorkApplication using Java 1.8.0_131 on DESKTOP-N51J6G9 with PID 9552 (G:\Java_revise\work\target\classes started by DELL in G:\Java_revise\work)
2021-11-17 19:55:12.927 INFO  com.nosql.work.WorkApplication                    :659  [32m                  [0;39m No active profile set, falling back to default profiles: default
2021-11-17 19:55:13.070 INFO  o.s.boot.web.embedded.tomcat.TomcatWebServer      :108  [32m                  [0;39m Tomcat initialized with port(s): 80 (http)
2021-11-17 19:55:13.071 INFO  org.apache.coyote.http11.Http11NioProtocol        :173  [32m                  [0;39m Initializing ProtocolHandler ["http-nio-80"]
2021-11-17 19:55:13.071 INFO  org.apache.catalina.core.StandardService          :173  [32m                  [0;39m Starting service [Tomcat]
2021-11-17 19:55:13.071 INFO  org.apache.catalina.core.StandardEngine           :173  [32m                  [0;39m Starting Servlet engine: [Apache Tomcat/9.0.54]
2021-11-17 19:55:13.083 INFO  o.a.c.core.ContainerBase.[Tomcat].[localhost].[/] :173  [32m                  [0;39m Initializing Spring embedded WebApplicationContext
2021-11-17 19:55:13.083 INFO  o.s.b.w.s.c.ServletWebServerApplicationContext    :290  [32m                  [0;39m Root WebApplicationContext: initialization completed in 154 ms
2021-11-17 19:55:13.132 INFO  o.s.b.d.autoconfigure.OptionalLiveReloadServer    :58   [32m                  [0;39m LiveReload server is running on port 35729
2021-11-17 19:55:13.136 INFO  org.apache.coyote.http11.Http11NioProtocol        :173  [32m                  [0;39m Starting ProtocolHandler ["http-nio-80"]
2021-11-17 19:55:13.138 INFO  o.s.boot.web.embedded.tomcat.TomcatWebServer      :220  [32m                  [0;39m Tomcat started on port(s): 80 (http) with context path ''
2021-11-17 19:55:13.141 INFO  com.nosql.work.WorkApplication                    :61   [32m                  [0;39m Started WorkApplication in 0.24 seconds (JVM running for 114.398)
2021-11-17 19:55:13.143 INFO  o.s.b.d.a.ConditionEvaluationDeltaLoggingListener :63   [32m                  [0;39m Condition evaluation unchanged
2021-11-17 19:55:13.754 INFO  o.a.c.core.ContainerBase.[Tomcat].[localhost].[/] :173  [32m                  [0;39m Initializing Spring DispatcherServlet 'dispatcherServlet'
2021-11-17 19:55:13.755 INFO  org.springframework.web.servlet.DispatcherServlet :525  [32m                  [0;39m Initializing Servlet 'dispatcherServlet'
2021-11-17 19:55:13.756 INFO  org.springframework.web.servlet.DispatcherServlet :547  [32m                  [0;39m Completed initialization in 1 ms
2021-11-17 19:58:14.837 INFO  com.nosql.work.WorkApplication                    :55   [32m                  [0;39m Starting WorkApplication using Java 1.8.0_131 on DESKTOP-N51J6G9 with PID 17588 (G:\Java_revise\work\target\classes started by DELL in G:\Java_revise\work)
2021-11-17 19:58:14.839 INFO  com.nosql.work.WorkApplication                    :659  [32m                  [0;39m No active profile set, falling back to default profiles: default
2021-11-17 19:58:14.884 INFO  o.s.b.d.env.DevToolsPropertyDefaultsPostProcessor :255  [32m                  [0;39m Devtools property defaults active! Set 'spring.devtools.add-properties' to 'false' to disable
2021-11-17 19:58:14.885 INFO  o.s.b.d.env.DevToolsPropertyDefaultsPostProcessor :255  [32m                  [0;39m For additional web related logging consider setting the 'logging.level.web' property to 'DEBUG'
2021-11-17 19:58:15.729 INFO  o.s.boot.web.embedded.tomcat.TomcatWebServer      :108  [32m                  [0;39m Tomcat initialized with port(s): 80 (http)
2021-11-17 19:58:15.737 INFO  org.apache.coyote.http11.Http11NioProtocol        :173  [32m                  [0;39m Initializing ProtocolHandler ["http-nio-80"]
2021-11-17 19:58:15.737 INFO  org.apache.catalina.core.StandardService          :173  [32m                  [0;39m Starting service [Tomcat]
2021-11-17 19:58:15.738 INFO  org.apache.catalina.core.StandardEngine           :173  [32m                  [0;39m Starting Servlet engine: [Apache Tomcat/9.0.54]
2021-11-17 19:58:15.818 INFO  o.a.c.core.ContainerBase.[Tomcat].[localhost].[/] :173  [32m                  [0;39m Initializing Spring embedded WebApplicationContext
2021-11-17 19:58:15.818 INFO  o.s.b.w.s.c.ServletWebServerApplicationContext    :290  [32m                  [0;39m Root WebApplicationContext: initialization completed in 933 ms
2021-11-17 19:58:16.102 INFO  o.s.b.d.autoconfigure.OptionalLiveReloadServer    :58   [32m                  [0;39m LiveReload server is running on port 35729
2021-11-17 19:58:16.114 INFO  org.apache.coyote.http11.Http11NioProtocol        :173  [32m                  [0;39m Starting ProtocolHandler ["http-nio-80"]
2021-11-17 19:58:16.135 INFO  o.s.boot.web.embedded.tomcat.TomcatWebServer      :220  [32m                  [0;39m Tomcat started on port(s): 80 (http) with context path ''
2021-11-17 19:58:16.144 INFO  com.nosql.work.WorkApplication                    :61   [32m                  [0;39m Started WorkApplication in 1.864 seconds (JVM running for 2.951)
2021-11-17 19:58:19.782 INFO  o.a.c.core.ContainerBase.[Tomcat].[localhost].[/] :173  [32m                  [0;39m Initializing Spring DispatcherServlet 'dispatcherServlet'
2021-11-17 19:58:19.782 INFO  org.springframework.web.servlet.DispatcherServlet :525  [32m                  [0;39m Initializing Servlet 'dispatcherServlet'
2021-11-17 19:58:19.784 INFO  org.springframework.web.servlet.DispatcherServlet :547  [32m                  [0;39m Completed initialization in 1 ms
2021-11-17 20:10:30.256 INFO  com.nosql.work.WorkApplication                    :55   [32m                  [0;39m Starting WorkApplication using Java 1.8.0_131 on DESKTOP-N51J6G9 with PID 15736 (G:\Java_revise\work\target\classes started by DELL in G:\Java_revise\work)
2021-11-17 20:10:30.258 INFO  com.nosql.work.WorkApplication                    :659  [32m                  [0;39m No active profile set, falling back to default profiles: default
2021-11-17 20:10:30.308 INFO  o.s.b.d.env.DevToolsPropertyDefaultsPostProcessor :255  [32m                  [0;39m Devtools property defaults active! Set 'spring.devtools.add-properties' to 'false' to disable
2021-11-17 20:10:30.309 INFO  o.s.b.d.env.DevToolsPropertyDefaultsPostProcessor :255  [32m                  [0;39m For additional web related logging consider setting the 'logging.level.web' property to 'DEBUG'
2021-11-17 20:10:30.987 WARN  org.mybatis.spring.mapper.ClassPathMapperScanner  :44   [32m                  [0;39m No MyBatis mapper was found in '[com.nosql.work]' package. Please check your configuration.
2021-11-17 20:10:31.362 INFO  o.s.boot.web.embedded.tomcat.TomcatWebServer      :108  [32m                  [0;39m Tomcat initialized with port(s): 80 (http)
2021-11-17 20:10:31.370 INFO  org.apache.coyote.http11.Http11NioProtocol        :173  [32m                  [0;39m Initializing ProtocolHandler ["http-nio-80"]
2021-11-17 20:10:31.371 INFO  org.apache.catalina.core.StandardService          :173  [32m                  [0;39m Starting service [Tomcat]
2021-11-17 20:10:31.371 INFO  org.apache.catalina.core.StandardEngine           :173  [32m                  [0;39m Starting Servlet engine: [Apache Tomcat/9.0.54]
2021-11-17 20:10:31.435 INFO  o.a.c.core.ContainerBase.[Tomcat].[localhost].[/] :173  [32m                  [0;39m Initializing Spring embedded WebApplicationContext
2021-11-17 20:10:31.435 INFO  o.s.b.w.s.c.ServletWebServerApplicationContext    :290  [32m                  [0;39m Root WebApplicationContext: initialization completed in 1125 ms
2021-11-17 20:10:31.941 WARN  o.s.b.a.freemarker.FreeMarkerAutoConfiguration    :65   [32m                  [0;39m Cannot find template location(s): [classpath:/templates/] (please add some templates, check your FreeMarker configuration, or set spring.freemarker.checkTemplateLocation=false)
2021-11-17 20:10:32.059 INFO  o.s.b.d.autoconfigure.OptionalLiveReloadServer    :58   [32m                  [0;39m LiveReload server is running on port 35729
2021-11-17 20:10:32.077 INFO  org.apache.coyote.http11.Http11NioProtocol        :173  [32m                  [0;39m Starting ProtocolHandler ["http-nio-80"]
2021-11-17 20:10:32.097 INFO  o.s.boot.web.embedded.tomcat.TomcatWebServer      :220  [32m                  [0;39m Tomcat started on port(s): 80 (http) with context path ''
2021-11-17 20:10:32.114 INFO  com.nosql.work.WorkApplication                    :61   [32m                  [0;39m Started WorkApplication in 2.319 seconds (JVM running for 3.27)
2021-11-17 20:10:56.212 INFO  o.a.c.core.ContainerBase.[Tomcat].[localhost].[/] :173  [32m                  [0;39m Initializing Spring DispatcherServlet 'dispatcherServlet'
2021-11-17 20:10:56.212 INFO  org.springframework.web.servlet.DispatcherServlet :525  [32m                  [0;39m Initializing Servlet 'dispatcherServlet'
2021-11-17 20:10:56.213 INFO  org.springframework.web.servlet.DispatcherServlet :547  [32m                  [0;39m Completed initialization in 1 ms
2021-11-17 20:11:19.117 INFO  com.nosql.work.WorkApplication                    :55   [32m                  [0;39m Starting WorkApplication using Java 1.8.0_131 on DESKTOP-N51J6G9 with PID 14864 (G:\Java_revise\work\target\classes started by DELL in G:\Java_revise\work)
2021-11-17 20:11:19.119 INFO  com.nosql.work.WorkApplication                    :659  [32m                  [0;39m No active profile set, falling back to default profiles: default
2021-11-17 20:11:19.154 INFO  o.s.b.d.env.DevToolsPropertyDefaultsPostProcessor :255  [32m                  [0;39m Devtools property defaults active! Set 'spring.devtools.add-properties' to 'false' to disable
2021-11-17 20:11:19.155 INFO  o.s.b.d.env.DevToolsPropertyDefaultsPostProcessor :255  [32m                  [0;39m For additional web related logging consider setting the 'logging.level.web' property to 'DEBUG'
2021-11-17 20:11:19.733 WARN  org.mybatis.spring.mapper.ClassPathMapperScanner  :44   [32m                  [0;39m No MyBatis mapper was found in '[com.nosql.work]' package. Please check your configuration.
2021-11-17 20:11:20.089 INFO  o.s.boot.web.embedded.tomcat.TomcatWebServer      :108  [32m                  [0;39m Tomcat initialized with port(s): 80 (http)
2021-11-17 20:11:20.095 INFO  org.apache.coyote.http11.Http11NioProtocol        :173  [32m                  [0;39m Initializing ProtocolHandler ["http-nio-80"]
2021-11-17 20:11:20.096 INFO  org.apache.catalina.core.StandardService          :173  [32m                  [0;39m Starting service [Tomcat]
2021-11-17 20:11:20.096 INFO  org.apache.catalina.core.StandardEngine           :173  [32m                  [0;39m Starting Servlet engine: [Apache Tomcat/9.0.54]
2021-11-17 20:11:20.149 INFO  o.a.c.core.ContainerBase.[Tomcat].[localhost].[/] :173  [32m                  [0;39m Initializing Spring embedded WebApplicationContext
2021-11-17 20:11:20.149 INFO  o.s.b.w.s.c.ServletWebServerApplicationContext    :290  [32m                  [0;39m Root WebApplicationContext: initialization completed in 994 ms
2021-11-17 20:11:20.546 WARN  o.s.b.a.freemarker.FreeMarkerAutoConfiguration    :65   [32m                  [0;39m Cannot find template location(s): [classpath:/templates/] (please add some templates, check your FreeMarker configuration, or set spring.freemarker.checkTemplateLocation=false)
2021-11-17 20:11:20.683 INFO  o.s.b.d.autoconfigure.OptionalLiveReloadServer    :58   [32m                  [0;39m LiveReload server is running on port 35729
2021-11-17 20:11:20.698 INFO  org.apache.coyote.http11.Http11NioProtocol        :173  [32m                  [0;39m Starting ProtocolHandler ["http-nio-80"]
2021-11-17 20:11:20.714 INFO  o.s.boot.web.embedded.tomcat.TomcatWebServer      :220  [32m                  [0;39m Tomcat started on port(s): 80 (http) with context path ''
2021-11-17 20:11:20.724 INFO  com.nosql.work.WorkApplication                    :61   [32m                  [0;39m Started WorkApplication in 2.072 seconds (JVM running for 2.995)
2021-11-17 20:11:28.968 INFO  o.a.c.core.ContainerBase.[Tomcat].[localhost].[/] :173  [32m                  [0;39m Initializing Spring DispatcherServlet 'dispatcherServlet'
2021-11-17 20:11:28.969 INFO  org.springframework.web.servlet.DispatcherServlet :525  [32m                  [0;39m Initializing Servlet 'dispatcherServlet'
2021-11-17 20:11:28.971 INFO  org.springframework.web.servlet.DispatcherServlet :547  [32m                  [0;39m Completed initialization in 2 ms
2021-11-17 20:14:03.223 INFO  com.nosql.work.WorkApplication                    :55   [32m                  [0;39m Starting WorkApplication using Java 1.8.0_131 on DESKTOP-N51J6G9 with PID 16768 (G:\Java_revise\work\target\classes started by DELL in G:\Java_revise\work)
2021-11-17 20:14:03.224 INFO  com.nosql.work.WorkApplication                    :659  [32m                  [0;39m No active profile set, falling back to default profiles: default
2021-11-17 20:14:03.256 INFO  o.s.b.d.env.DevToolsPropertyDefaultsPostProcessor :255  [32m                  [0;39m Devtools property defaults active! Set 'spring.devtools.add-properties' to 'false' to disable
2021-11-17 20:14:03.257 INFO  o.s.b.d.env.DevToolsPropertyDefaultsPostProcessor :255  [32m                  [0;39m For additional web related logging consider setting the 'logging.level.web' property to 'DEBUG'
2021-11-17 20:14:03.803 WARN  org.mybatis.spring.mapper.ClassPathMapperScanner  :44   [32m                  [0;39m No MyBatis mapper was found in '[com.nosql.work]' package. Please check your configuration.
2021-11-17 20:14:04.102 INFO  o.s.boot.web.embedded.tomcat.TomcatWebServer      :108  [32m                  [0;39m Tomcat initialized with port(s): 80 (http)
2021-11-17 20:14:04.108 INFO  org.apache.coyote.http11.Http11NioProtocol        :173  [32m                  [0;39m Initializing ProtocolHandler ["http-nio-80"]
2021-11-17 20:14:04.108 INFO  org.apache.catalina.core.StandardService          :173  [32m                  [0;39m Starting service [Tomcat]
2021-11-17 20:14:04.108 INFO  org.apache.catalina.core.StandardEngine           :173  [32m                  [0;39m Starting Servlet engine: [Apache Tomcat/9.0.54]
2021-11-17 20:14:04.161 INFO  o.a.c.core.ContainerBase.[Tomcat].[localhost].[/] :173  [32m                  [0;39m Initializing Spring embedded WebApplicationContext
2021-11-17 20:14:04.161 INFO  o.s.b.w.s.c.ServletWebServerApplicationContext    :290  [32m                  [0;39m Root WebApplicationContext: initialization completed in 904 ms
2021-11-17 20:14:04.504 WARN  o.s.b.a.freemarker.FreeMarkerAutoConfiguration    :65   [32m                  [0;39m Cannot find template location(s): [classpath:/resources/] (please add some templates, check your FreeMarker configuration, or set spring.freemarker.checkTemplateLocation=false)
2021-11-17 20:14:04.607 INFO  o.s.b.d.autoconfigure.OptionalLiveReloadServer    :58   [32m                  [0;39m LiveReload server is running on port 35729
2021-11-17 20:14:04.618 INFO  org.apache.coyote.http11.Http11NioProtocol        :173  [32m                  [0;39m Starting ProtocolHandler ["http-nio-80"]
2021-11-17 20:14:04.629 INFO  o.s.boot.web.embedded.tomcat.TomcatWebServer      :220  [32m                  [0;39m Tomcat started on port(s): 80 (http) with context path ''
2021-11-17 20:14:04.640 INFO  com.nosql.work.WorkApplication                    :61   [32m                  [0;39m Started WorkApplication in 1.824 seconds (JVM running for 3.19)
2021-11-17 20:14:09.699 INFO  o.a.c.core.ContainerBase.[Tomcat].[localhost].[/] :173  [32m                  [0;39m Initializing Spring DispatcherServlet 'dispatcherServlet'
2021-11-17 20:14:09.699 INFO  org.springframework.web.servlet.DispatcherServlet :525  [32m                  [0;39m Initializing Servlet 'dispatcherServlet'
2021-11-17 20:14:09.700 INFO  org.springframework.web.servlet.DispatcherServlet :547  [32m                  [0;39m Completed initialization in 1 ms
2021-11-17 20:15:57.842 INFO  com.nosql.work.WorkApplication                    :55   [32m                  [0;39m Starting WorkApplication using Java 1.8.0_131 on DESKTOP-N51J6G9 with PID 18736 (G:\Java_revise\work\target\classes started by DELL in G:\Java_revise\work)
2021-11-17 20:15:57.843 INFO  com.nosql.work.WorkApplication                    :659  [32m                  [0;39m No active profile set, falling back to default profiles: default
2021-11-17 20:15:57.888 INFO  o.s.b.d.env.DevToolsPropertyDefaultsPostProcessor :255  [32m                  [0;39m Devtools property defaults active! Set 'spring.devtools.add-properties' to 'false' to disable
2021-11-17 20:15:57.889 INFO  o.s.b.d.env.DevToolsPropertyDefaultsPostProcessor :255  [32m                  [0;39m For additional web related logging consider setting the 'logging.level.web' property to 'DEBUG'
2021-11-17 20:15:58.467 WARN  org.mybatis.spring.mapper.ClassPathMapperScanner  :44   [32m                  [0;39m No MyBatis mapper was found in '[com.nosql.work]' package. Please check your configuration.
2021-11-17 20:15:58.785 INFO  o.s.boot.web.embedded.tomcat.TomcatWebServer      :108  [32m                  [0;39m Tomcat initialized with port(s): 80 (http)
2021-11-17 20:15:58.791 INFO  org.apache.coyote.http11.Http11NioProtocol        :173  [32m                  [0;39m Initializing ProtocolHandler ["http-nio-80"]
2021-11-17 20:15:58.792 INFO  org.apache.catalina.core.StandardService          :173  [32m                  [0;39m Starting service [Tomcat]
2021-11-17 20:15:58.793 INFO  org.apache.catalina.core.StandardEngine           :173  [32m                  [0;39m Starting Servlet engine: [Apache Tomcat/9.0.54]
2021-11-17 20:15:58.851 INFO  o.a.c.core.ContainerBase.[Tomcat].[localhost].[/] :173  [32m                  [0;39m Initializing Spring embedded WebApplicationContext
2021-11-17 20:15:58.852 INFO  o.s.b.w.s.c.ServletWebServerApplicationContext    :290  [32m                  [0;39m Root WebApplicationContext: initialization completed in 963 ms
2021-11-17 20:15:59.223 WARN  o.s.b.a.freemarker.FreeMarkerAutoConfiguration    :65   [32m                  [0;39m Cannot find template location(s): [classpath:/resources/] (please add some templates, check your FreeMarker configuration, or set spring.freemarker.checkTemplateLocation=false)
2021-11-17 20:15:59.335 INFO  o.s.b.d.autoconfigure.OptionalLiveReloadServer    :58   [32m                  [0;39m LiveReload server is running on port 35729
2021-11-17 20:15:59.354 INFO  org.apache.coyote.http11.Http11NioProtocol        :173  [32m                  [0;39m Starting ProtocolHandler ["http-nio-80"]
2021-11-17 20:15:59.366 INFO  o.s.boot.web.embedded.tomcat.TomcatWebServer      :220  [32m                  [0;39m Tomcat started on port(s): 80 (http) with context path ''
2021-11-17 20:15:59.375 INFO  com.nosql.work.WorkApplication                    :61   [32m                  [0;39m Started WorkApplication in 1.964 seconds (JVM running for 3.479)
2021-11-17 20:16:26.318 INFO  com.nosql.work.WorkApplication                    :55   [32m                  [0;39m Starting WorkApplication using Java 1.8.0_131 on DESKTOP-N51J6G9 with PID 1852 (G:\Java_revise\work\target\classes started by DELL in G:\Java_revise\work)
2021-11-17 20:16:26.320 INFO  com.nosql.work.WorkApplication                    :659  [32m                  [0;39m No active profile set, falling back to default profiles: default
2021-11-17 20:16:26.375 INFO  o.s.b.d.env.DevToolsPropertyDefaultsPostProcessor :255  [32m                  [0;39m Devtools property defaults active! Set 'spring.devtools.add-properties' to 'false' to disable
2021-11-17 20:16:26.375 INFO  o.s.b.d.env.DevToolsPropertyDefaultsPostProcessor :255  [32m                  [0;39m For additional web related logging consider setting the 'logging.level.web' property to 'DEBUG'
2021-11-17 20:16:26.994 WARN  org.mybatis.spring.mapper.ClassPathMapperScanner  :44   [32m                  [0;39m No MyBatis mapper was found in '[com.nosql.work]' package. Please check your configuration.
2021-11-17 20:16:27.276 INFO  o.s.boot.web.embedded.tomcat.TomcatWebServer      :108  [32m                  [0;39m Tomcat initialized with port(s): 80 (http)
2021-11-17 20:16:27.281 INFO  org.apache.coyote.http11.Http11NioProtocol        :173  [32m                  [0;39m Initializing ProtocolHandler ["http-nio-80"]
2021-11-17 20:16:27.282 INFO  org.apache.catalina.core.StandardService          :173  [32m                  [0;39m Starting service [Tomcat]
2021-11-17 20:16:27.282 INFO  org.apache.catalina.core.StandardEngine           :173  [32m                  [0;39m Starting Servlet engine: [Apache Tomcat/9.0.54]
2021-11-17 20:16:27.334 INFO  o.a.c.core.ContainerBase.[Tomcat].[localhost].[/] :173  [32m                  [0;39m Initializing Spring embedded WebApplicationContext
2021-11-17 20:16:27.335 INFO  o.s.b.w.s.c.ServletWebServerApplicationContext    :290  [32m                  [0;39m Root WebApplicationContext: initialization completed in 959 ms
2021-11-17 20:16:27.785 INFO  o.s.b.d.autoconfigure.OptionalLiveReloadServer    :58   [32m                  [0;39m LiveReload server is running on port 35729
2021-11-17 20:16:27.796 INFO  org.apache.coyote.http11.Http11NioProtocol        :173  [32m                  [0;39m Starting ProtocolHandler ["http-nio-80"]
2021-11-17 20:16:27.808 INFO  o.s.boot.web.embedded.tomcat.TomcatWebServer      :220  [32m                  [0;39m Tomcat started on port(s): 80 (http) with context path ''
2021-11-17 20:16:27.816 INFO  com.nosql.work.WorkApplication                    :61   [32m                  [0;39m Started WorkApplication in 1.988 seconds (JVM running for 3.696)
2021-11-17 20:16:33.772 INFO  o.a.c.core.ContainerBase.[Tomcat].[localhost].[/] :173  [32m                  [0;39m Initializing Spring DispatcherServlet 'dispatcherServlet'
2021-11-17 20:16:33.773 INFO  org.springframework.web.servlet.DispatcherServlet :525  [32m                  [0;39m Initializing Servlet 'dispatcherServlet'
2021-11-17 20:16:33.774 INFO  org.springframework.web.servlet.DispatcherServlet :547  [32m                  [0;39m Completed initialization in 1 ms
2021-11-17 20:30:35.312 INFO  com.nosql.work.WorkApplication                    :55   [32m                  [0;39m Starting WorkApplication using Java 1.8.0_131 on DESKTOP-N51J6G9 with PID 1852 (G:\Java_revise\work\target\classes started by DELL in G:\Java_revise\work)
2021-11-17 20:30:35.312 INFO  com.nosql.work.WorkApplication                    :659  [32m                  [0;39m No active profile set, falling back to default profiles: default
2021-11-17 20:30:35.521 WARN  org.mybatis.spring.mapper.ClassPathMapperScanner  :44   [32m                  [0;39m No MyBatis mapper was found in '[com.nosql.work]' package. Please check your configuration.
2021-11-17 20:30:35.595 INFO  o.s.boot.web.embedded.tomcat.TomcatWebServer      :108  [32m                  [0;39m Tomcat initialized with port(s): 80 (http)
2021-11-17 20:30:35.597 INFO  org.apache.coyote.http11.Http11NioProtocol        :173  [32m                  [0;39m Initializing ProtocolHandler ["http-nio-80"]
2021-11-17 20:30:35.597 INFO  org.apache.catalina.core.StandardService          :173  [32m                  [0;39m Starting service [Tomcat]
2021-11-17 20:30:35.598 INFO  org.apache.catalina.core.StandardEngine           :173  [32m                  [0;39m Starting Servlet engine: [Apache Tomcat/9.0.54]
2021-11-17 20:30:35.611 INFO  o.a.c.core.ContainerBase.[Tomcat].[localhost].[/] :173  [32m                  [0;39m Initializing Spring embedded WebApplicationContext
2021-11-17 20:30:35.611 INFO  o.s.b.w.s.c.ServletWebServerApplicationContext    :290  [32m                  [0;39m Root WebApplicationContext: initialization completed in 296 ms
2021-11-17 20:30:35.779 INFO  o.s.b.d.autoconfigure.OptionalLiveReloadServer    :58   [32m                  [0;39m LiveReload server is running on port 35729
2021-11-17 20:30:35.790 INFO  org.apache.coyote.http11.Http11NioProtocol        :173  [32m                  [0;39m Starting ProtocolHandler ["http-nio-80"]
2021-11-17 20:30:35.793 INFO  o.s.boot.web.embedded.tomcat.TomcatWebServer      :220  [32m                  [0;39m Tomcat started on port(s): 80 (http) with context path ''
2021-11-17 20:30:35.800 INFO  com.nosql.work.WorkApplication                    :61   [32m                  [0;39m Started WorkApplication in 0.532 seconds (JVM running for 851.681)
2021-11-17 20:30:35.803 INFO  o.s.b.d.a.ConditionEvaluationDeltaLoggingListener :63   [32m                  [0;39m Condition evaluation unchanged
2021-11-17 20:30:37.097 INFO  o.a.c.core.ContainerBase.[Tomcat].[localhost].[/] :173  [32m                  [0;39m Initializing Spring DispatcherServlet 'dispatcherServlet'
2021-11-17 20:30:37.098 INFO  org.springframework.web.servlet.DispatcherServlet :525  [32m                  [0;39m Initializing Servlet 'dispatcherServlet'
2021-11-17 20:30:37.099 INFO  org.springframework.web.servlet.DispatcherServlet :547  [32m                  [0;39m Completed initialization in 1 ms
2021-11-17 20:30:37.615 INFO  com.nosql.work.WorkApplication                    :55   [32m                  [0;39m Starting WorkApplication using Java 1.8.0_131 on DESKTOP-N51J6G9 with PID 1852 (G:\Java_revise\work\target\classes started by DELL in G:\Java_revise\work)
2021-11-17 20:30:37.616 INFO  com.nosql.work.WorkApplication                    :659  [32m                  [0;39m No active profile set, falling back to default profiles: default
2021-11-17 20:30:37.721 WARN  org.mybatis.spring.mapper.ClassPathMapperScanner  :44   [32m                  [0;39m No MyBatis mapper was found in '[com.nosql.work]' package. Please check your configuration.
2021-11-17 20:30:37.756 INFO  o.s.boot.web.embedded.tomcat.TomcatWebServer      :108  [32m                  [0;39m Tomcat initialized with port(s): 80 (http)
2021-11-17 20:30:37.756 INFO  org.apache.coyote.http11.Http11NioProtocol        :173  [32m                  [0;39m Initializing ProtocolHandler ["http-nio-80"]
2021-11-17 20:30:37.757 INFO  org.apache.catalina.core.StandardService          :173  [32m                  [0;39m Starting service [Tomcat]
2021-11-17 20:30:37.757 INFO  org.apache.catalina.core.StandardEngine           :173  [32m                  [0;39m Starting Servlet engine: [Apache Tomcat/9.0.54]
2021-11-17 20:30:37.770 INFO  o.a.c.core.ContainerBase.[Tomcat].[localhost].[/] :173  [32m                  [0;39m Initializing Spring embedded WebApplicationContext
2021-11-17 20:30:37.771 INFO  o.s.b.w.s.c.ServletWebServerApplicationContext    :290  [32m                  [0;39m Root WebApplicationContext: initialization completed in 153 ms
2021-11-17 20:30:37.844 INFO  o.s.b.d.autoconfigure.OptionalLiveReloadServer    :58   [32m                  [0;39m LiveReload server is running on port 35729
2021-11-17 20:30:37.851 INFO  org.apache.coyote.http11.Http11NioProtocol        :173  [32m                  [0;39m Starting ProtocolHandler ["http-nio-80"]
2021-11-17 20:30:37.852 INFO  o.s.boot.web.embedded.tomcat.TomcatWebServer      :220  [32m                  [0;39m Tomcat started on port(s): 80 (http) with context path ''
2021-11-17 20:30:37.855 INFO  com.nosql.work.WorkApplication                    :61   [32m                  [0;39m Started WorkApplication in 0.262 seconds (JVM running for 853.736)
2021-11-17 20:30:37.856 INFO  o.s.b.d.a.ConditionEvaluationDeltaLoggingListener :63   [32m                  [0;39m Condition evaluation unchanged
2021-11-17 20:30:38.681 INFO  o.a.c.core.ContainerBase.[Tomcat].[localhost].[/] :173  [32m                  [0;39m Initializing Spring DispatcherServlet 'dispatcherServlet'
2021-11-17 20:30:38.681 INFO  org.springframework.web.servlet.DispatcherServlet :525  [32m                  [0;39m Initializing Servlet 'dispatcherServlet'
2021-11-17 20:30:38.682 INFO  org.springframework.web.servlet.DispatcherServlet :547  [32m                  [0;39m Completed initialization in 0 ms
2021-11-17 20:51:40.149 INFO  com.nosql.work.WorkApplication                    :55   [32m                  [0;39m Starting WorkApplication using Java 1.8.0_131 on DESKTOP-N51J6G9 with PID 1852 (G:\Java_revise\work\target\classes started by DELL in G:\Java_revise\work)
2021-11-17 20:51:40.149 INFO  com.nosql.work.WorkApplication                    :659  [32m                  [0;39m No active profile set, falling back to default profiles: default
2021-11-17 20:51:40.311 WARN  org.mybatis.spring.mapper.ClassPathMapperScanner  :44   [32m                  [0;39m No MyBatis mapper was found in '[com.nosql.work]' package. Please check your configuration.
2021-11-17 20:51:40.377 INFO  o.s.boot.web.embedded.tomcat.TomcatWebServer      :108  [32m                  [0;39m Tomcat initialized with port(s): 80 (http)
2021-11-17 20:51:40.378 INFO  org.apache.coyote.http11.Http11NioProtocol        :173  [32m                  [0;39m Initializing ProtocolHandler ["http-nio-80"]
2021-11-17 20:51:40.378 INFO  org.apache.catalina.core.StandardService          :173  [32m                  [0;39m Starting service [Tomcat]
2021-11-17 20:51:40.378 INFO  org.apache.catalina.core.StandardEngine           :173  [32m                  [0;39m Starting Servlet engine: [Apache Tomcat/9.0.54]
2021-11-17 20:51:40.393 INFO  o.a.c.core.ContainerBase.[Tomcat].[localhost].[/] :173  [32m                  [0;39m Initializing Spring embedded WebApplicationContext
2021-11-17 20:51:40.393 INFO  o.s.b.w.s.c.ServletWebServerApplicationContext    :290  [32m                  [0;39m Root WebApplicationContext: initialization completed in 240 ms
2021-11-17 20:51:40.645 INFO  o.s.b.d.autoconfigure.OptionalLiveReloadServer    :58   [32m                  [0;39m LiveReload server is running on port 35729
2021-11-17 20:51:40.652 INFO  org.apache.coyote.http11.Http11NioProtocol        :173  [32m                  [0;39m Starting ProtocolHandler ["http-nio-80"]
2021-11-17 20:51:40.654 INFO  o.s.boot.web.embedded.tomcat.TomcatWebServer      :220  [32m                  [0;39m Tomcat started on port(s): 80 (http) with context path ''
2021-11-17 20:51:40.660 INFO  com.nosql.work.WorkApplication                    :61   [32m                  [0;39m Started WorkApplication in 0.553 seconds (JVM running for 2116.54)
2021-11-17 20:51:40.661 INFO  o.s.b.d.a.ConditionEvaluationDeltaLoggingListener :63   [32m                  [0;39m Condition evaluation unchanged
2021-11-17 20:51:43.067 INFO  com.nosql.work.WorkApplication                    :55   [32m                  [0;39m Starting WorkApplication using Java 1.8.0_131 on DESKTOP-N51J6G9 with PID 1852 (G:\Java_revise\work\target\classes started by DELL in G:\Java_revise\work)
2021-11-17 20:51:43.068 INFO  com.nosql.work.WorkApplication                    :659  [32m                  [0;39m No active profile set, falling back to default profiles: default
2021-11-17 20:51:43.330 WARN  org.mybatis.spring.mapper.ClassPathMapperScanner  :44   [32m                  [0;39m No MyBatis mapper was found in '[com.nosql.work]' package. Please check your configuration.
2021-11-17 20:51:43.386 INFO  o.s.boot.web.embedded.tomcat.TomcatWebServer      :108  [32m                  [0;39m Tomcat initialized with port(s): 80 (http)
2021-11-17 20:51:43.387 INFO  org.apache.coyote.http11.Http11NioProtocol        :173  [32m                  [0;39m Initializing ProtocolHandler ["http-nio-80"]
2021-11-17 20:51:43.387 INFO  org.apache.catalina.core.StandardService          :173  [32m                  [0;39m Starting service [Tomcat]
2021-11-17 20:51:43.387 INFO  org.apache.catalina.core.StandardEngine           :173  [32m                  [0;39m Starting Servlet engine: [Apache Tomcat/9.0.54]
2021-11-17 20:51:43.401 INFO  o.a.c.core.ContainerBase.[Tomcat].[localhost].[/] :173  [32m                  [0;39m Initializing Spring embedded WebApplicationContext
2021-11-17 20:51:43.401 INFO  o.s.b.w.s.c.ServletWebServerApplicationContext    :290  [32m                  [0;39m Root WebApplicationContext: initialization completed in 330 ms
2021-11-17 20:51:43.767 INFO  o.s.b.d.autoconfigure.OptionalLiveReloadServer    :58   [32m                  [0;39m LiveReload server is running on port 35729
2021-11-17 20:51:43.779 INFO  org.apache.coyote.http11.Http11NioProtocol        :173  [32m                  [0;39m Starting ProtocolHandler ["http-nio-80"]
2021-11-17 20:51:43.781 INFO  o.s.boot.web.embedded.tomcat.TomcatWebServer      :220  [32m                  [0;39m Tomcat started on port(s): 80 (http) with context path ''
2021-11-17 20:51:43.787 INFO  com.nosql.work.WorkApplication                    :61   [32m                  [0;39m Started WorkApplication in 0.819 seconds (JVM running for 2119.668)
2021-11-17 20:51:43.791 INFO  o.s.b.d.a.ConditionEvaluationDeltaLoggingListener :63   [32m                  [0;39m Condition evaluation unchanged
2021-11-17 20:53:40.010 INFO  com.nosql.work.WorkApplicationTests               :55   [32m                  [0;39m Starting WorkApplicationTests using Java 1.8.0_131 on DESKTOP-N51J6G9 with PID 23588 (started by DELL in G:\Java_revise\work)
2021-11-17 20:53:40.014 INFO  com.nosql.work.WorkApplicationTests               :659  [32m                  [0;39m No active profile set, falling back to default profiles: default
2021-11-17 20:53:40.773 WARN  org.mybatis.spring.mapper.ClassPathMapperScanner  :44   [32m                  [0;39m No MyBatis mapper was found in '[com.nosql.work]' package. Please check your configuration.
2021-11-17 20:53:42.313 INFO  com.nosql.work.WorkApplicationTests               :61   [32m                  [0;39m Started WorkApplicationTests in 2.807 seconds (JVM running for 4.097)
2021-11-17 20:53:42.379 ERROR o.springframework.test.context.TestContextManager :252  [32m                  [0;39m Caught exception while allowing TestExecutionListener [org.springframework.boot.test.autoconfigure.SpringBootDependencyInjectionTestExecutionListener@533bda92] to prepare test instance [com.nosql.work.WorkApplicationTests@7f6874f2]
org.springframework.beans.factory.BeanCreationException: Error creating bean with name 'com.nosql.work.WorkApplicationTests': Injection of resource dependencies failed; nested exception is org.springframework.beans.factory.NoSuchBeanDefinitionException: No qualifying bean of type 'com.nosql.work.mapper.NewsMapper' available: expected at least 1 bean which qualifies as autowire candidate. Dependency annotations: {@javax.annotation.Resource(shareable=true, lookup=, name=, description=, authenticationType=CONTAINER, type=class java.lang.Object, mappedName=)}
	at org.springframework.context.annotation.CommonAnnotationBeanPostProcessor.postProcessProperties(CommonAnnotationBeanPostProcessor.java:332)
	at org.springframework.beans.factory.support.AbstractAutowireCapableBeanFactory.populateBean(AbstractAutowireCapableBeanFactory.java:1431)
	at org.springframework.beans.factory.support.AbstractAutowireCapableBeanFactory.autowireBeanProperties(AbstractAutowireCapableBeanFactory.java:417)
	at org.springframework.test.context.support.DependencyInjectionTestExecutionListener.injectDependencies(DependencyInjectionTestExecutionListener.java:119)
	at org.springframework.test.context.support.DependencyInjectionTestExecutionListener.prepareTestInstance(DependencyInjectionTestExecutionListener.java:83)
	at org.springframework.boot.test.autoconfigure.SpringBootDependencyInjectionTestExecutionListener.prepareTestInstance(SpringBootDependencyInjectionTestExecutionListener.java:43)
	at org.springframework.test.context.TestContextManager.prepareTestInstance(TestContextManager.java:248)
	at org.springframework.test.context.junit.jupiter.SpringExtension.postProcessTestInstance(SpringExtension.java:138)
	at org.junit.jupiter.engine.descriptor.ClassBasedTestDescriptor.lambda$invokeTestInstancePostProcessors$6(ClassBasedTestDescriptor.java:350)
	at org.junit.jupiter.engine.descriptor.ClassBasedTestDescriptor.executeAndMaskThrowable(ClassBasedTestDescriptor.java:355)
	at org.junit.jupiter.engine.descriptor.ClassBasedTestDescriptor.lambda$invokeTestInstancePostProcessors$7(ClassBasedTestDescriptor.java:350)
	at java.util.stream.ReferencePipeline$3$1.accept(ReferencePipeline.java:193)
	at java.util.stream.ReferencePipeline$2$1.accept(ReferencePipeline.java:175)
	at java.util.ArrayList$ArrayListSpliterator.forEachRemaining(ArrayList.java:1374)
	at java.util.stream.AbstractPipeline.copyInto(AbstractPipeline.java:481)
	at java.util.stream.AbstractPipeline.wrapAndCopyInto(AbstractPipeline.java:471)
	at java.util.stream.StreamSpliterators$WrappingSpliterator.forEachRemaining(StreamSpliterators.java:312)
	at java.util.stream.Streams$ConcatSpliterator.forEachRemaining(Streams.java:743)
	at java.util.stream.Streams$ConcatSpliterator.forEachRemaining(Streams.java:742)
	at java.util.stream.ReferencePipeline$Head.forEach(ReferencePipeline.java:580)
	at org.junit.jupiter.engine.descriptor.ClassBasedTestDescriptor.invokeTestInstancePostProcessors(ClassBasedTestDescriptor.java:349)
	at org.junit.jupiter.engine.descriptor.ClassBasedTestDescriptor.lambda$instantiateAndPostProcessTestInstance$4(ClassBasedTestDescriptor.java:270)
	at org.junit.platform.engine.support.hierarchical.ThrowableCollector.execute(ThrowableCollector.java:73)
	at org.junit.jupiter.engine.descriptor.ClassBasedTestDescriptor.instantiateAndPostProcessTestInstance(ClassBasedTestDescriptor.java:269)
	at org.junit.jupiter.engine.descriptor.ClassBasedTestDescriptor.lambda$testInstancesProvider$2(ClassBasedTestDescriptor.java:259)
	at java.util.Optional.orElseGet(Optional.java:267)
	at org.junit.jupiter.engine.descriptor.ClassBasedTestDescriptor.lambda$testInstancesProvider$3(ClassBasedTestDescriptor.java:258)
	at org.junit.jupiter.engine.execution.TestInstancesProvider.getTestInstances(TestInstancesProvider.java:31)
	at org.junit.jupiter.engine.descriptor.TestMethodTestDescriptor.lambda$prepare$0(TestMethodTestDescriptor.java:101)
	at org.junit.platform.engine.support.hierarchical.ThrowableCollector.execute(ThrowableCollector.java:73)
	at org.junit.jupiter.engine.descriptor.TestMethodTestDescriptor.prepare(TestMethodTestDescriptor.java:100)
	at org.junit.jupiter.engine.descriptor.TestMethodTestDescriptor.prepare(TestMethodTestDescriptor.java:65)
	at org.junit.platform.engine.support.hierarchical.NodeTestTask.lambda$prepare$1(NodeTestTask.java:111)
	at org.junit.platform.engine.support.hierarchical.ThrowableCollector.execute(ThrowableCollector.java:73)
	at org.junit.platform.engine.support.hierarchical.NodeTestTask.prepare(NodeTestTask.java:111)
	at org.junit.platform.engine.support.hierarchical.NodeTestTask.execute(NodeTestTask.java:79)
	at java.util.ArrayList.forEach(ArrayList.java:1249)
	at org.junit.platform.engine.support.hierarchical.SameThreadHierarchicalTestExecutorService.invokeAll(SameThreadHierarchicalTestExecutorService.java:38)
	at org.junit.platform.engine.support.hierarchical.NodeTestTask.lambda$executeRecursively$5(NodeTestTask.java:143)
	at org.junit.platform.engine.support.hierarchical.ThrowableCollector.execute(ThrowableCollector.java:73)
	at org.junit.platform.engine.support.hierarchical.NodeTestTask.lambda$executeRecursively$7(NodeTestTask.java:129)
	at org.junit.platform.engine.support.hierarchical.Node.around(Node.java:137)
	at org.junit.platform.engine.support.hierarchical.NodeTestTask.lambda$executeRecursively$8(NodeTestTask.java:127)
	at org.junit.platform.engine.support.hierarchical.ThrowableCollector.execute(ThrowableCollector.java:73)
	at org.junit.platform.engine.support.hierarchical.NodeTestTask.executeRecursively(NodeTestTask.java:126)
	at org.junit.platform.engine.support.hierarchical.NodeTestTask.execute(NodeTestTask.java:84)
	at java.util.ArrayList.forEach(ArrayList.java:1249)
	at org.junit.platform.engine.support.hierarchical.SameThreadHierarchicalTestExecutorService.invokeAll(SameThreadHierarchicalTestExecutorService.java:38)
	at org.junit.platform.engine.support.hierarchical.NodeTestTask.lambda$executeRecursively$5(NodeTestTask.java:143)
	at org.junit.platform.engine.support.hierarchical.ThrowableCollector.execute(ThrowableCollector.java:73)
	at org.junit.platform.engine.support.hierarchical.NodeTestTask.lambda$executeRecursively$7(NodeTestTask.java:129)
	at org.junit.platform.engine.support.hierarchical.Node.around(Node.java:137)
	at org.junit.platform.engine.support.hierarchical.NodeTestTask.lambda$executeRecursively$8(NodeTestTask.java:127)
	at org.junit.platform.engine.support.hierarchical.ThrowableCollector.execute(ThrowableCollector.java:73)
	at org.junit.platform.engine.support.hierarchical.NodeTestTask.executeRecursively(NodeTestTask.java:126)
	at org.junit.platform.engine.support.hierarchical.NodeTestTask.execute(NodeTestTask.java:84)
	at org.junit.platform.engine.support.hierarchical.SameThreadHierarchicalTestExecutorService.submit(SameThreadHierarchicalTestExecutorService.java:32)
	at org.junit.platform.engine.support.hierarchical.HierarchicalTestExecutor.execute(HierarchicalTestExecutor.java:57)
	at org.junit.platform.engine.support.hierarchical.HierarchicalTestEngine.execute(HierarchicalTestEngine.java:51)
	at org.junit.platform.launcher.core.EngineExecutionOrchestrator.execute(EngineExecutionOrchestrator.java:108)
	at org.junit.platform.launcher.core.EngineExecutionOrchestrator.execute(EngineExecutionOrchestrator.java:88)
	at org.junit.platform.launcher.core.EngineExecutionOrchestrator.lambda$execute$0(EngineExecutionOrchestrator.java:54)
	at org.junit.platform.launcher.core.EngineExecutionOrchestrator.withInterceptedStreams(EngineExecutionOrchestrator.java:67)
	at org.junit.platform.launcher.core.EngineExecutionOrchestrator.execute(EngineExecutionOrchestrator.java:52)
	at org.junit.platform.launcher.core.DefaultLauncher.execute(DefaultLauncher.java:96)
	at org.junit.platform.launcher.core.DefaultLauncher.execute(DefaultLauncher.java:75)
	at com.intellij.junit5.JUnit5IdeaTestRunner.startRunnerWithArgs(JUnit5IdeaTestRunner.java:71)
	at com.intellij.rt.junit.IdeaTestRunner$Repeater.startRunnerWithArgs(IdeaTestRunner.java:33)
	at com.intellij.rt.junit.JUnitStarter.prepareStreamsAndStart(JUnitStarter.java:220)
	at com.intellij.rt.junit.JUnitStarter.main(JUnitStarter.java:53)
Caused by: org.springframework.beans.factory.NoSuchBeanDefinitionException: No qualifying bean of type 'com.nosql.work.mapper.NewsMapper' available: expected at least 1 bean which qualifies as autowire candidate. Dependency annotations: {@javax.annotation.Resource(shareable=true, lookup=, name=, description=, authenticationType=CONTAINER, type=class java.lang.Object, mappedName=)}
	at org.springframework.beans.factory.support.DefaultListableBeanFactory.raiseNoMatchingBeanFound(DefaultListableBeanFactory.java:1790)
	at org.springframework.beans.factory.support.DefaultListableBeanFactory.doResolveDependency(DefaultListableBeanFactory.java:1346)
	at org.springframework.beans.factory.support.DefaultListableBeanFactory.resolveDependency(DefaultListableBeanFactory.java:1300)
	at org.springframework.context.annotation.CommonAnnotationBeanPostProcessor.autowireResource(CommonAnnotationBeanPostProcessor.java:544)
	at org.springframework.context.annotation.CommonAnnotationBeanPostProcessor.getResource(CommonAnnotationBeanPostProcessor.java:520)
	at org.springframework.context.annotation.CommonAnnotationBeanPostProcessor$ResourceElement.getResourceToInject(CommonAnnotationBeanPostProcessor.java:673)
	at org.springframework.beans.factory.annotation.InjectionMetadata$InjectedElement.inject(InjectionMetadata.java:228)
	at org.springframework.beans.factory.annotation.InjectionMetadata.inject(InjectionMetadata.java:119)
	at org.springframework.context.annotation.CommonAnnotationBeanPostProcessor.postProcessProperties(CommonAnnotationBeanPostProcessor.java:329)
	... 69 common frames omitted
2021-11-17 20:58:23.430 INFO  com.nosql.work.WorkApplication                    :55   [32m                  [0;39m Starting WorkApplication using Java 1.8.0_131 on DESKTOP-N51J6G9 with PID 1852 (G:\Java_revise\work\target\classes started by DELL in G:\Java_revise\work)
2021-11-17 20:58:23.431 INFO  com.nosql.work.WorkApplication                    :659  [32m                  [0;39m No active profile set, falling back to default profiles: default
2021-11-17 20:58:23.632 INFO  o.s.boot.web.embedded.tomcat.TomcatWebServer      :108  [32m                  [0;39m Tomcat initialized with port(s): 80 (http)
2021-11-17 20:58:23.633 INFO  org.apache.coyote.http11.Http11NioProtocol        :173  [32m                  [0;39m Initializing ProtocolHandler ["http-nio-80"]
2021-11-17 20:58:23.633 INFO  org.apache.catalina.core.StandardService          :173  [32m                  [0;39m Starting service [Tomcat]
2021-11-17 20:58:23.633 INFO  org.apache.catalina.core.StandardEngine           :173  [32m                  [0;39m Starting Servlet engine: [Apache Tomcat/9.0.54]
2021-11-17 20:58:23.653 INFO  o.a.c.core.ContainerBase.[Tomcat].[localhost].[/] :173  [32m                  [0;39m Initializing Spring embedded WebApplicationContext
2021-11-17 20:58:23.653 INFO  o.s.b.w.s.c.ServletWebServerApplicationContext    :290  [32m                  [0;39m Root WebApplicationContext: initialization completed in 215 ms
2021-11-17 20:58:23.815 INFO  o.s.b.d.autoconfigure.OptionalLiveReloadServer    :58   [32m                  [0;39m LiveReload server is running on port 35729
2021-11-17 20:58:23.829 INFO  org.apache.coyote.http11.Http11NioProtocol        :173  [32m                  [0;39m Starting ProtocolHandler ["http-nio-80"]
2021-11-17 20:58:23.831 INFO  o.s.boot.web.embedded.tomcat.TomcatWebServer      :220  [32m                  [0;39m Tomcat started on port(s): 80 (http) with context path ''
2021-11-17 20:58:23.837 INFO  com.nosql.work.WorkApplication                    :61   [32m                  [0;39m Started WorkApplication in 0.441 seconds (JVM running for 2519.717)
2021-11-17 20:58:23.842 INFO  o.s.b.d.a.ConditionEvaluationDeltaLoggingListener :58   [32m                  [0;39m Condition evaluation delta:


==========================
CONDITION EVALUATION DELTA
==========================


Positive matches:
-----------------

    None


Negative matches:
-----------------

   MybatisAutoConfiguration.MapperScannerRegistrarNotFoundConfiguration:
      Did not match:
         - @ConditionalOnMissingBean (types: org.mybatis.spring.mapper.MapperFactoryBean,org.mybatis.spring.mapper.MapperScannerConfigurer; SearchStrategy: all) found beans of type 'org.mybatis.spring.mapper.MapperScannerConfigurer' com.nosql.work.WorkApplication#MapperScannerRegistrar#0 (OnBeanCondition)


Exclusions:
-----------

    None


Unconditional classes:
----------------------

    None



2021-11-17 20:59:04.423 INFO  com.nosql.work.WorkApplicationTests               :55   [32m                  [0;39m Starting WorkApplicationTests using Java 1.8.0_131 on DESKTOP-N51J6G9 with PID 19220 (started by DELL in G:\Java_revise\work)
2021-11-17 20:59:04.427 INFO  com.nosql.work.WorkApplicationTests               :659  [32m                  [0;39m No active profile set, falling back to default profiles: default
2021-11-17 20:59:05.122 WARN  org.mybatis.spring.mapper.ClassPathMapperScanner  :44   [32m                  [0;39m Skipping MapperFactoryBean with name 'newsMapper' and 'com.nosql.work.mapper.NewsMapper' mapperInterface. Bean already defined with the same name!
2021-11-17 20:59:05.123 WARN  org.mybatis.spring.mapper.ClassPathMapperScanner  :44   [32m                  [0;39m No MyBatis mapper was found in '[com.nosql.work.mapper]' package. Please check your configuration.
2021-11-17 20:59:07.119 INFO  com.nosql.work.WorkApplicationTests               :61   [32m                  [0;39m Started WorkApplicationTests in 3.258 seconds (JVM running for 4.44)
2021-11-17 20:59:07.451 INFO  com.zaxxer.hikari.HikariDataSource                :110  [32m                  [0;39m HikariPool-1 - Starting...
2021-11-17 20:59:08.827 INFO  com.zaxxer.hikari.HikariDataSource                :123  [32m                  [0;39m HikariPool-1 - Start completed.
2021-11-17 20:59:08.935 INFO  com.zaxxer.hikari.HikariDataSource                :350  [32m                  [0;39m HikariPool-1 - Shutdown initiated...
2021-11-17 20:59:08.939 INFO  com.zaxxer.hikari.HikariDataSource                :352  [32m                  [0;39m HikariPool-1 - Shutdown completed.
2021-11-17 21:48:01.758 INFO  com.nosql.work.WorkApplicationTests               :55   [32m                  [0;39m Starting WorkApplicationTests using Java 1.8.0_131 on DESKTOP-N51J6G9 with PID 23844 (started by DELL in G:\Java_revise\work)
2021-11-17 21:48:01.771 INFO  com.nosql.work.WorkApplicationTests               :659  [32m                  [0;39m No active profile set, falling back to default profiles: default
2021-11-17 21:48:03.861 WARN  org.mybatis.spring.mapper.ClassPathMapperScanner  :44   [32m                  [0;39m Skipping MapperFactoryBean with name 'newsMapper' and 'com.nosql.work.mapper.NewsMapper' mapperInterface. Bean already defined with the same name!
2021-11-17 21:48:03.862 WARN  org.mybatis.spring.mapper.ClassPathMapperScanner  :44   [32m                  [0;39m No MyBatis mapper was found in '[com.nosql.work.mapper]' package. Please check your configuration.
2021-11-17 21:48:07.259 INFO  com.nosql.work.WorkApplicationTests               :61   [32m                  [0;39m Started WorkApplicationTests in 7.35 seconds (JVM running for 10.164)
2021-11-17 21:48:07.644 INFO  com.zaxxer.hikari.HikariDataSource                :110  [32m                  [0;39m HikariPool-1 - Starting...
2021-11-17 21:48:08.773 INFO  com.zaxxer.hikari.HikariDataSource                :123  [32m                  [0;39m HikariPool-1 - Start completed.
2021-11-17 21:48:08.844 INFO  com.zaxxer.hikari.HikariDataSource                :350  [32m                  [0;39m HikariPool-1 - Shutdown initiated...
2021-11-17 21:48:08.849 INFO  com.zaxxer.hikari.HikariDataSource                :352  [32m                  [0;39m HikariPool-1 - Shutdown completed.
2021-11-17 21:48:18.816 INFO  com.nosql.work.WorkApplication                    :55   [32m                  [0;39m Starting WorkApplication using Java 1.8.0_131 on DESKTOP-N51J6G9 with PID 23028 (G:\Java_revise\work\target\classes started by DELL in G:\Java_revise\work)
2021-11-17 21:48:18.817 INFO  com.nosql.work.WorkApplication                    :659  [32m                  [0;39m No active profile set, falling back to default profiles: default
2021-11-17 21:48:18.882 INFO  o.s.b.d.env.DevToolsPropertyDefaultsPostProcessor :255  [32m                  [0;39m Devtools property defaults active! Set 'spring.devtools.add-properties' to 'false' to disable
2021-11-17 21:48:18.883 INFO  o.s.b.d.env.DevToolsPropertyDefaultsPostProcessor :255  [32m                  [0;39m For additional web related logging consider setting the 'logging.level.web' property to 'DEBUG'
2021-11-17 21:48:20.067 INFO  o.s.boot.web.embedded.tomcat.TomcatWebServer      :108  [32m                  [0;39m Tomcat initialized with port(s): 80 (http)
2021-11-17 21:48:20.074 INFO  org.apache.coyote.http11.Http11NioProtocol        :173  [32m                  [0;39m Initializing ProtocolHandler ["http-nio-80"]
2021-11-17 21:48:20.075 INFO  org.apache.catalina.core.StandardService          :173  [32m                  [0;39m Starting service [Tomcat]
2021-11-17 21:48:20.075 INFO  org.apache.catalina.core.StandardEngine           :173  [32m                  [0;39m Starting Servlet engine: [Apache Tomcat/9.0.54]
2021-11-17 21:48:20.138 INFO  o.a.c.core.ContainerBase.[Tomcat].[localhost].[/] :173  [32m                  [0;39m Initializing Spring embedded WebApplicationContext
2021-11-17 21:48:20.139 INFO  o.s.b.w.s.c.ServletWebServerApplicationContext    :290  [32m                  [0;39m Root WebApplicationContext: initialization completed in 1255 ms
2021-11-17 21:48:20.679 INFO  o.s.b.d.autoconfigure.OptionalLiveReloadServer    :58   [32m                  [0;39m LiveReload server is running on port 35729
2021-11-17 21:48:20.694 INFO  org.apache.coyote.http11.Http11NioProtocol        :173  [32m                  [0;39m Starting ProtocolHandler ["http-nio-80"]
2021-11-17 21:48:20.707 INFO  o.s.boot.web.embedded.tomcat.TomcatWebServer      :220  [32m                  [0;39m Tomcat started on port(s): 80 (http) with context path ''
2021-11-17 21:48:20.715 INFO  com.nosql.work.WorkApplication                    :61   [32m                  [0;39m Started WorkApplication in 2.308 seconds (JVM running for 3.418)
2021-11-17 21:48:29.935 INFO  o.a.c.core.ContainerBase.[Tomcat].[localhost].[/] :173  [32m                  [0;39m Initializing Spring DispatcherServlet 'dispatcherServlet'
2021-11-17 21:48:29.935 INFO  org.springframework.web.servlet.DispatcherServlet :525  [32m                  [0;39m Initializing Servlet 'dispatcherServlet'
2021-11-17 21:48:29.936 INFO  org.springframework.web.servlet.DispatcherServlet :547  [32m                  [0;39m Completed initialization in 1 ms
